<?xml version="1.0" encoding="UTF-8"?>
<testsuite name="com.kodilla.hibernate.KodillaHibernateApplicationTests" tests="1" skipped="0" failures="0" errors="0" timestamp="2019-11-15T20:27:59" hostname="DESKTOP-1NM721Q" time="0.002">
  <properties/>
  <testcase name="contextLoads" classname="com.kodilla.hibernate.KodillaHibernateApplicationTests" time="0.002"/>
  <system-out><![CDATA[2019-11-15 21:27:59.434  INFO 7196 --- [    Test worker] .b.t.c.SpringBootTestContextBootstrapper : Neither @ContextConfiguration nor @ContextHierarchy found for test class [com.kodilla.hibernate.KodillaHibernateApplicationTests], using SpringBootContextLoader
2019-11-15 21:27:59.449  INFO 7196 --- [    Test worker] o.s.t.c.support.AbstractContextLoader    : Could not detect default resource locations for test class [com.kodilla.hibernate.KodillaHibernateApplicationTests]: no resource found for suffixes {-context.xml, Context.groovy}.
2019-11-15 21:27:59.449  INFO 7196 --- [    Test worker] t.c.s.AnnotationConfigContextLoaderUtils : Could not detect default configuration classes for test class [com.kodilla.hibernate.KodillaHibernateApplicationTests]: KodillaHibernateApplicationTests does not declare any static, non-private, non-final, nested classes annotated with @Configuration.
2019-11-15 21:27:59.465  INFO 7196 --- [    Test worker] .b.t.c.SpringBootTestContextBootstrapper : Found @SpringBootConfiguration com.kodilla.hibernate.KodillaHibernateApplication for test class com.kodilla.hibernate.KodillaHibernateApplicationTests
2019-11-15 21:27:59.465  INFO 7196 --- [    Test worker] .b.t.c.SpringBootTestContextBootstrapper : Loaded default TestExecutionListener class names from location [META-INF/spring.factories]: [org.springframework.boot.test.autoconfigure.restdocs.RestDocsTestExecutionListener, org.springframework.boot.test.autoconfigure.web.client.MockRestServiceServerResetTestExecutionListener, org.springframework.boot.test.autoconfigure.web.servlet.MockMvcPrintOnlyOnFailureTestExecutionListener, org.springframework.boot.test.autoconfigure.web.servlet.WebDriverTestExecutionListener, org.springframework.boot.test.mock.mockito.MockitoTestExecutionListener, org.springframework.boot.test.mock.mockito.ResetMocksTestExecutionListener, org.springframework.test.context.web.ServletTestExecutionListener, org.springframework.test.context.support.DirtiesContextBeforeModesTestExecutionListener, org.springframework.test.context.support.DependencyInjectionTestExecutionListener, org.springframework.test.context.support.DirtiesContextTestExecutionListener, org.springframework.test.context.transaction.TransactionalTestExecutionListener, org.springframework.test.context.jdbc.SqlScriptsTestExecutionListener]
2019-11-15 21:27:59.465  INFO 7196 --- [    Test worker] .b.t.c.SpringBootTestContextBootstrapper : Using TestExecutionListeners: [org.springframework.test.context.support.DirtiesContextBeforeModesTestExecutionListener@26b8b5a3, org.springframework.boot.test.mock.mockito.MockitoTestExecutionListener@2442a698, org.springframework.boot.test.autoconfigure.SpringBootDependencyInjectionTestExecutionListener@752f625b, org.springframework.test.context.support.DirtiesContextTestExecutionListener@afd32bb, org.springframework.test.context.transaction.TransactionalTestExecutionListener@690b8bea, org.springframework.test.context.jdbc.SqlScriptsTestExecutionListener@584c8635, org.springframework.boot.test.autoconfigure.restdocs.RestDocsTestExecutionListener@56ff1add, org.springframework.boot.test.autoconfigure.web.client.MockRestServiceServerResetTestExecutionListener@35749253, org.springframework.boot.test.autoconfigure.web.servlet.MockMvcPrintOnlyOnFailureTestExecutionListener@950bcc, org.springframework.boot.test.autoconfigure.web.servlet.WebDriverTestExecutionListener@3c5458c5, org.springframework.boot.test.mock.mockito.ResetMocksTestExecutionListener@12d39460]
]]></system-out>
  <system-err><![CDATA[]]></system-err>
</testsuite>
