<?xml version="1.0" encoding="UTF-8"?>
<testsuite name="com.kodilla.hibernate.invoice.dao.InvoiceDaoTestSuite" tests="1" skipped="0" failures="0" errors="0" timestamp="2019-11-15T20:27:58" hostname="DESKTOP-1NM721Q" time="1.169">
  <properties/>
  <testcase name="testInvoiceDaoSave" classname="com.kodilla.hibernate.invoice.dao.InvoiceDaoTestSuite" time="1.169"/>
  <system-out><![CDATA[21:27:49.186 [Test worker] DEBUG org.springframework.test.context.junit4.SpringJUnit4ClassRunner - SpringJUnit4ClassRunner constructor called with [class com.kodilla.hibernate.invoice.dao.InvoiceDaoTestSuite]
21:27:49.202 [Test worker] DEBUG org.springframework.test.context.BootstrapUtils - Instantiating CacheAwareContextLoaderDelegate from class [org.springframework.test.context.cache.DefaultCacheAwareContextLoaderDelegate]
21:27:49.217 [Test worker] DEBUG org.springframework.test.context.BootstrapUtils - Instantiating BootstrapContext using constructor [public org.springframework.test.context.support.DefaultBootstrapContext(java.lang.Class,org.springframework.test.context.CacheAwareContextLoaderDelegate)]
21:27:49.248 [Test worker] DEBUG org.springframework.test.context.BootstrapUtils - Instantiating TestContextBootstrapper for test class [com.kodilla.hibernate.invoice.dao.InvoiceDaoTestSuite] from class [org.springframework.boot.test.context.SpringBootTestContextBootstrapper]
21:27:49.264 [Test worker] INFO org.springframework.boot.test.context.SpringBootTestContextBootstrapper - Neither @ContextConfiguration nor @ContextHierarchy found for test class [com.kodilla.hibernate.invoice.dao.InvoiceDaoTestSuite], using SpringBootContextLoader
21:27:49.264 [Test worker] DEBUG org.springframework.test.context.support.AbstractContextLoader - Did not detect default resource location for test class [com.kodilla.hibernate.invoice.dao.InvoiceDaoTestSuite]: class path resource [com/kodilla/hibernate/invoice/dao/InvoiceDaoTestSuite-context.xml] does not exist
21:27:49.264 [Test worker] DEBUG org.springframework.test.context.support.AbstractContextLoader - Did not detect default resource location for test class [com.kodilla.hibernate.invoice.dao.InvoiceDaoTestSuite]: class path resource [com/kodilla/hibernate/invoice/dao/InvoiceDaoTestSuiteContext.groovy] does not exist
21:27:49.264 [Test worker] INFO org.springframework.test.context.support.AbstractContextLoader - Could not detect default resource locations for test class [com.kodilla.hibernate.invoice.dao.InvoiceDaoTestSuite]: no resource found for suffixes {-context.xml, Context.groovy}.
21:27:49.264 [Test worker] INFO org.springframework.test.context.support.AnnotationConfigContextLoaderUtils - Could not detect default configuration classes for test class [com.kodilla.hibernate.invoice.dao.InvoiceDaoTestSuite]: InvoiceDaoTestSuite does not declare any static, non-private, non-final, nested classes annotated with @Configuration.
21:27:49.342 [Test worker] DEBUG org.springframework.test.context.support.ActiveProfilesUtils - Could not find an 'annotation declaring class' for annotation type [org.springframework.test.context.ActiveProfiles] and class [com.kodilla.hibernate.invoice.dao.InvoiceDaoTestSuite]
21:27:49.498 [Test worker] DEBUG org.springframework.context.annotation.ClassPathScanningCandidateComponentProvider - Identified candidate component class: file [C:\Users\JJ\MARRCIN\KODILLA_BOTCAMP\PROJECTS\kodilla-course\kodilla-hibernate\build\classes\java\main\com\kodilla\hibernate\KodillaHibernateApplication.class]
21:27:49.498 [Test worker] INFO org.springframework.boot.test.context.SpringBootTestContextBootstrapper - Found @SpringBootConfiguration com.kodilla.hibernate.KodillaHibernateApplication for test class com.kodilla.hibernate.invoice.dao.InvoiceDaoTestSuite
21:27:49.655 [Test worker] DEBUG org.springframework.boot.test.context.SpringBootTestContextBootstrapper - @TestExecutionListeners is not present for class [com.kodilla.hibernate.invoice.dao.InvoiceDaoTestSuite]: using defaults.
21:27:49.655 [Test worker] INFO org.springframework.boot.test.context.SpringBootTestContextBootstrapper - Loaded default TestExecutionListener class names from location [META-INF/spring.factories]: [org.springframework.boot.test.autoconfigure.restdocs.RestDocsTestExecutionListener, org.springframework.boot.test.autoconfigure.web.client.MockRestServiceServerResetTestExecutionListener, org.springframework.boot.test.autoconfigure.web.servlet.MockMvcPrintOnlyOnFailureTestExecutionListener, org.springframework.boot.test.autoconfigure.web.servlet.WebDriverTestExecutionListener, org.springframework.boot.test.mock.mockito.MockitoTestExecutionListener, org.springframework.boot.test.mock.mockito.ResetMocksTestExecutionListener, org.springframework.test.context.web.ServletTestExecutionListener, org.springframework.test.context.support.DirtiesContextBeforeModesTestExecutionListener, org.springframework.test.context.support.DependencyInjectionTestExecutionListener, org.springframework.test.context.support.DirtiesContextTestExecutionListener, org.springframework.test.context.transaction.TransactionalTestExecutionListener, org.springframework.test.context.jdbc.SqlScriptsTestExecutionListener]
21:27:49.686 [Test worker] DEBUG org.springframework.boot.test.context.SpringBootTestContextBootstrapper - Skipping candidate TestExecutionListener [org.springframework.test.context.web.ServletTestExecutionListener] due to a missing dependency. Specify custom listener classes or make the default listener classes and their required dependencies available. Offending class: [javax/servlet/ServletContext]
21:27:49.686 [Test worker] INFO org.springframework.boot.test.context.SpringBootTestContextBootstrapper - Using TestExecutionListeners: [org.springframework.test.context.support.DirtiesContextBeforeModesTestExecutionListener@56a46b9d, org.springframework.boot.test.mock.mockito.MockitoTestExecutionListener@1d50ab10, org.springframework.boot.test.autoconfigure.SpringBootDependencyInjectionTestExecutionListener@3548c1b3, org.springframework.test.context.support.DirtiesContextTestExecutionListener@4d81d52a, org.springframework.test.context.transaction.TransactionalTestExecutionListener@380ca784, org.springframework.test.context.jdbc.SqlScriptsTestExecutionListener@201c83be, org.springframework.boot.test.autoconfigure.restdocs.RestDocsTestExecutionListener@53aa9b57, org.springframework.boot.test.autoconfigure.web.client.MockRestServiceServerResetTestExecutionListener@10c12c8d, org.springframework.boot.test.autoconfigure.web.servlet.MockMvcPrintOnlyOnFailureTestExecutionListener@4dac8996, org.springframework.boot.test.autoconfigure.web.servlet.WebDriverTestExecutionListener@969e2ee, org.springframework.boot.test.mock.mockito.ResetMocksTestExecutionListener@e9eb0b7]
21:27:49.701 [Test worker] DEBUG org.springframework.test.annotation.ProfileValueUtils - Retrieved @ProfileValueSourceConfiguration [null] for test class [com.kodilla.hibernate.invoice.dao.InvoiceDaoTestSuite]
21:27:49.701 [Test worker] DEBUG org.springframework.test.annotation.ProfileValueUtils - Retrieved ProfileValueSource type [class org.springframework.test.annotation.SystemProfileValueSource] for class [com.kodilla.hibernate.invoice.dao.InvoiceDaoTestSuite]
21:27:49.701 [Test worker] DEBUG org.springframework.test.annotation.ProfileValueUtils - Retrieved @ProfileValueSourceConfiguration [null] for test class [com.kodilla.hibernate.invoice.dao.InvoiceDaoTestSuite]
21:27:49.701 [Test worker] DEBUG org.springframework.test.annotation.ProfileValueUtils - Retrieved ProfileValueSource type [class org.springframework.test.annotation.SystemProfileValueSource] for class [com.kodilla.hibernate.invoice.dao.InvoiceDaoTestSuite]
21:27:49.701 [Test worker] DEBUG org.springframework.test.context.support.AbstractDirtiesContextTestExecutionListener - Before test class: context [DefaultTestContext@50787d85 testClass = InvoiceDaoTestSuite, testInstance = [null], testMethod = [null], testException = [null], mergedContextConfiguration = [MergedContextConfiguration@399a0f1d testClass = InvoiceDaoTestSuite, locations = '{}', classes = '{class com.kodilla.hibernate.KodillaHibernateApplication}', contextInitializerClasses = '[]', activeProfiles = '{}', propertySourceLocations = '{}', propertySourceProperties = '{org.springframework.boot.test.context.SpringBootTestContextBootstrapper=true}', contextCustomizers = set[org.springframework.boot.test.autoconfigure.properties.PropertyMappingContextCustomizer@0, org.springframework.boot.test.autoconfigure.web.servlet.WebDriverContextCustomizerFactory$Customizer@43ccd149, org.springframework.boot.test.context.filter.ExcludeFilterContextCustomizer@5906a8f7, org.springframework.boot.test.json.DuplicateJsonObjectContextCustomizerFactory$DuplicateJsonObjectContextCustomizer@3856bf38, org.springframework.boot.test.mock.mockito.MockitoContextCustomizer@0, org.springframework.boot.test.web.client.TestRestTemplateContextCustomizer@5e25e6cc], contextLoader = 'org.springframework.boot.test.context.SpringBootContextLoader', parent = [null]], attributes = map[[empty]]], class annotated with @DirtiesContext [false] with mode [null].
21:27:49.701 [Test worker] DEBUG org.springframework.test.annotation.ProfileValueUtils - Retrieved @ProfileValueSourceConfiguration [null] for test class [com.kodilla.hibernate.invoice.dao.InvoiceDaoTestSuite]
21:27:49.701 [Test worker] DEBUG org.springframework.test.annotation.ProfileValueUtils - Retrieved ProfileValueSource type [class org.springframework.test.annotation.SystemProfileValueSource] for class [com.kodilla.hibernate.invoice.dao.InvoiceDaoTestSuite]
21:27:49.717 [Test worker] DEBUG org.springframework.test.context.support.DependencyInjectionTestExecutionListener - Performing dependency injection for test context [[DefaultTestContext@50787d85 testClass = InvoiceDaoTestSuite, testInstance = com.kodilla.hibernate.invoice.dao.InvoiceDaoTestSuite@5edb2cd, testMethod = [null], testException = [null], mergedContextConfiguration = [MergedContextConfiguration@399a0f1d testClass = InvoiceDaoTestSuite, locations = '{}', classes = '{class com.kodilla.hibernate.KodillaHibernateApplication}', contextInitializerClasses = '[]', activeProfiles = '{}', propertySourceLocations = '{}', propertySourceProperties = '{org.springframework.boot.test.context.SpringBootTestContextBootstrapper=true}', contextCustomizers = set[org.springframework.boot.test.autoconfigure.properties.PropertyMappingContextCustomizer@0, org.springframework.boot.test.autoconfigure.web.servlet.WebDriverContextCustomizerFactory$Customizer@43ccd149, org.springframework.boot.test.context.filter.ExcludeFilterContextCustomizer@5906a8f7, org.springframework.boot.test.json.DuplicateJsonObjectContextCustomizerFactory$DuplicateJsonObjectContextCustomizer@3856bf38, org.springframework.boot.test.mock.mockito.MockitoContextCustomizer@0, org.springframework.boot.test.web.client.TestRestTemplateContextCustomizer@5e25e6cc], contextLoader = 'org.springframework.boot.test.context.SpringBootContextLoader', parent = [null]], attributes = map[[empty]]]].
21:27:49.733 [Test worker] DEBUG org.springframework.test.context.support.TestPropertySourceUtils - Adding inlined properties to environment: {spring.jmx.enabled=false, org.springframework.boot.test.context.SpringBootTestContextBootstrapper=true, server.port=-1}

  .   ____          _            __ _ _
 /\\ / ___'_ __ _ _(_)_ __  __ _ \ \ \ \
( ( )\___ | '_ | '_| | '_ \/ _` | \ \ \ \
 \\/  ___)| |_)| | | | | || (_| |  ) ) ) )
  '  |____| .__|_| |_|_| |_\__, | / / / /
 =========|_|==============|___/=/_/_/_/
 :: Spring Boot ::        (v2.1.8.RELEASE)

2019-11-15 21:27:50.217  INFO 7196 --- [    Test worker] c.k.h.invoice.dao.InvoiceDaoTestSuite    : Starting InvoiceDaoTestSuite on DESKTOP-1NM721Q with PID 7196 (started by JJ in C:\Users\JJ\MARRCIN\KODILLA_BOTCAMP\PROJECTS\kodilla-course\kodilla-hibernate)
2019-11-15 21:27:50.217  INFO 7196 --- [    Test worker] c.k.h.invoice.dao.InvoiceDaoTestSuite    : No active profile set, falling back to default profiles: default
2019-11-15 21:27:51.014  INFO 7196 --- [    Test worker] .s.d.r.c.RepositoryConfigurationDelegate : Bootstrapping Spring Data repositories in DEFAULT mode.
2019-11-15 21:27:51.232  INFO 7196 --- [    Test worker] .s.d.r.c.RepositoryConfigurationDelegate : Finished Spring Data repository scanning in 203ms. Found 8 repository interfaces.
2019-11-15 21:27:52.185  INFO 7196 --- [    Test worker] o.hibernate.jpa.internal.util.LogHelper  : HHH000204: Processing PersistenceUnitInfo [
	name: default
	...]
2019-11-15 21:27:52.310  INFO 7196 --- [    Test worker] org.hibernate.Version                    : HHH000412: Hibernate Core {5.3.11.Final}
2019-11-15 21:27:52.310  INFO 7196 --- [    Test worker] org.hibernate.cfg.Environment            : HHH000206: hibernate.properties not found
2019-11-15 21:27:52.576  INFO 7196 --- [    Test worker] o.hibernate.annotations.common.Version   : HCANN000001: Hibernate Commons Annotations {5.0.4.Final}
2019-11-15 21:27:52.779  INFO 7196 --- [    Test worker] com.zaxxer.hikari.HikariDataSource       : HikariPool-1 - Starting...
2019-11-15 21:27:52.998  INFO 7196 --- [    Test worker] com.zaxxer.hikari.HikariDataSource       : HikariPool-1 - Start completed.
2019-11-15 21:27:53.029  INFO 7196 --- [    Test worker] org.hibernate.dialect.Dialect            : HHH000400: Using dialect: org.hibernate.dialect.MySQL5Dialect
Hibernate: alter table items add constraint FKi3fv29v33apu6j1klh8nld3re foreign key (invoice_id) references invoices (id)
Hibernate: alter table items add constraint FKquug7b9jtt5r0jywriyhoo8gm foreign key (product_id) references product (id)
Hibernate: alter table join_company_employee add constraint FK8qv4sbf5gudy2g20lbjoknvsy foreign key (company_id) references companies (company_id)
Hibernate: alter table join_company_employee add constraint FKhyidh70ikigdnt5yqddpn795y foreign key (employee_id) references employees (employee_id)
Hibernate: alter table tasks add constraint FKs0ta7oqh3ye8072ultl2vddhm foreign key (tasks_financial_id) references tasks_financials (id)
Hibernate: alter table tasks add constraint FKe5omqdr83a8fmv8ekmwwg0l1y foreign key (tasklist_id) references tasklists (id)
2019-11-15 21:27:56.965  INFO 7196 --- [    Test worker] o.h.h.i.QueryTranslatorFactoryInitiator  : HHH000397: Using ASTQueryTranslatorFactory
2019-11-15 21:27:57.122  INFO 7196 --- [    Test worker] j.LocalContainerEntityManagerFactoryBean : Initialized JPA EntityManagerFactory for persistence unit 'default'
2019-11-15 21:27:58.246  INFO 7196 --- [    Test worker] c.k.h.invoice.dao.InvoiceDaoTestSuite    : Started InvoiceDaoTestSuite in 8.513 seconds (JVM running for 10.1)
Hibernate: select next_val as id_val from hibernate_sequence for update
Hibernate: update hibernate_sequence set next_val= ? where next_val=?
Hibernate: select next_val as id_val from hibernate_sequence for update
Hibernate: update hibernate_sequence set next_val= ? where next_val=?
Hibernate: select next_val as id_val from hibernate_sequence for update
Hibernate: update hibernate_sequence set next_val= ? where next_val=?
Hibernate: select next_val as id_val from hibernate_sequence for update
Hibernate: update hibernate_sequence set next_val= ? where next_val=?
Hibernate: select next_val as id_val from hibernate_sequence for update
Hibernate: update hibernate_sequence set next_val= ? where next_val=?
Hibernate: select next_val as id_val from hibernate_sequence for update
Hibernate: update hibernate_sequence set next_val= ? where next_val=?
Hibernate: select next_val as id_val from hibernate_sequence for update
Hibernate: update hibernate_sequence set next_val= ? where next_val=?
Hibernate: insert into invoices (number, id) values (?, ?)
Hibernate: insert into product (name, id) values (?, ?)
Hibernate: insert into items (invoice_id, price, product_id, quantity, value, id) values (?, ?, ?, ?, ?, ?)
Hibernate: insert into product (name, id) values (?, ?)
Hibernate: insert into items (invoice_id, price, product_id, quantity, value, id) values (?, ?, ?, ?, ?, ?)
Hibernate: insert into product (name, id) values (?, ?)
Hibernate: insert into items (invoice_id, price, product_id, quantity, value, id) values (?, ?, ?, ?, ?, ?)
Hibernate: select next_val as id_val from hibernate_sequence for update
Hibernate: update hibernate_sequence set next_val= ? where next_val=?
Hibernate: insert into invoices (number, id) values (?, ?)
Hibernate: select invoice0_.id as id1_2_0_, invoice0_.number as number2_2_0_ from invoices invoice0_ where invoice0_.id=?
Hibernate: select items0_.invoice_id as invoice_5_3_0_, items0_.id as id1_3_0_, items0_.id as id1_3_1_, items0_.invoice_id as invoice_5_3_1_, items0_.price as price2_3_1_, items0_.product_id as product_6_3_1_, items0_.quantity as quantity3_3_1_, items0_.value as value4_3_1_, product1_.id as id1_5_2_, product1_.name as name2_5_2_ from items items0_ left outer join product product1_ on items0_.product_id=product1_.id where items0_.invoice_id=?
Hibernate: delete from invoices where id=?
Hibernate: select invoice0_.id as id1_2_0_, invoice0_.number as number2_2_0_ from invoices invoice0_ where invoice0_.id=?
Hibernate: select items0_.invoice_id as invoice_5_3_0_, items0_.id as id1_3_0_, items0_.id as id1_3_1_, items0_.invoice_id as invoice_5_3_1_, items0_.price as price2_3_1_, items0_.product_id as product_6_3_1_, items0_.quantity as quantity3_3_1_, items0_.value as value4_3_1_, product1_.id as id1_5_2_, product1_.name as name2_5_2_ from items items0_ left outer join product product1_ on items0_.product_id=product1_.id where items0_.invoice_id=?
Hibernate: select items0_.product_id as product_6_3_0_, items0_.id as id1_3_0_, items0_.id as id1_3_1_, items0_.invoice_id as invoice_5_3_1_, items0_.price as price2_3_1_, items0_.product_id as product_6_3_1_, items0_.quantity as quantity3_3_1_, items0_.value as value4_3_1_, invoice1_.id as id1_2_2_, invoice1_.number as number2_2_2_ from items items0_ inner join invoices invoice1_ on items0_.invoice_id=invoice1_.id where items0_.product_id=?
Hibernate: select items0_.product_id as product_6_3_0_, items0_.id as id1_3_0_, items0_.id as id1_3_1_, items0_.invoice_id as invoice_5_3_1_, items0_.price as price2_3_1_, items0_.product_id as product_6_3_1_, items0_.quantity as quantity3_3_1_, items0_.value as value4_3_1_, invoice1_.id as id1_2_2_, invoice1_.number as number2_2_2_ from items items0_ inner join invoices invoice1_ on items0_.invoice_id=invoice1_.id where items0_.product_id=?
Hibernate: select items0_.product_id as product_6_3_0_, items0_.id as id1_3_0_, items0_.id as id1_3_1_, items0_.invoice_id as invoice_5_3_1_, items0_.price as price2_3_1_, items0_.product_id as product_6_3_1_, items0_.quantity as quantity3_3_1_, items0_.value as value4_3_1_, invoice1_.id as id1_2_2_, invoice1_.number as number2_2_2_ from items items0_ inner join invoices invoice1_ on items0_.invoice_id=invoice1_.id where items0_.product_id=?
Hibernate: delete from items where id=?
Hibernate: delete from product where id=?
Hibernate: delete from items where id=?
Hibernate: delete from product where id=?
Hibernate: delete from items where id=?
Hibernate: delete from product where id=?
Hibernate: delete from invoices where id=?
]]></system-out>
  <system-err><![CDATA[]]></system-err>
</testsuite>
